<?xml version="1.0" encoding="UTF-8"?>
<!-- Generated by org.testng.reporters.JUnitReportReporter -->
<testsuite hostname="shirins-MacBook-Air.local" failures="0" tests="2" name="bookStoreTestingSuite.OrderBooks" time="34.230" errors="0" timestamp="2024-04-10T15:19:46 EDT" skipped="0">
  <testcase classname="bookStoreTestingSuite.OrderBooks" name="OrderingBooks" time="15.295"/>
  <testcase classname="bookStoreTestingSuite.OrderBooks" name="VerifyOrderSummary" time="18.935"/>
</testsuite> <!-- bookStoreTestingSuite.OrderBooks -->
