<?xml version="1.0" encoding="UTF-8"?>
<!-- Generated by org.testng.reporters.JUnitReportReporter -->
<testsuite hostname="shirins-MacBook-Air.local" failures="0" tests="2" name="bookStoreTestingSuite.OrderBooks" time="21.950" errors="0" timestamp="2024-04-12T00:13:55 EDT" skipped="0">
  <testcase classname="bookStoreTestingSuite.OrderBooks" name="VerifyOrderSummary" time="9.884"/>
  <testcase classname="bookStoreTestingSuite.OrderBooks" name="OrderingBooks" time="12.066"/>
</testsuite> <!-- bookStoreTestingSuite.OrderBooks -->
