<?xml version="1.0" encoding="UTF-8"?>
<!-- Generated by org.testng.reporters.JUnitReportReporter -->
<testsuite hostname="shirins-MacBook-Air.local" failures="0" tests="1" name="bookStoreTestingSuite.FilterAndSearch" time="17.295" errors="0" timestamp="2024-04-10T14:26:43 EDT" skipped="0">
  <testcase classname="bookStoreTestingSuite.FilterAndSearch" name="SearchBooks" time="17.295"/>
</testsuite> <!-- bookStoreTestingSuite.FilterAndSearch -->
