<?xml version="1.0" encoding="UTF-8"?>
<!-- Generated by org.testng.reporters.JUnitReportReporter -->
<testsuite hostname="shirins-MacBook-Air.local" failures="0" tests="2" name="bookStoreTestingSuite.LikeAndDislike" time="27.438" errors="0" timestamp="2024-04-13T23:48:42 EDT" skipped="0">
  <testcase classname="bookStoreTestingSuite.LikeAndDislike" name="LikeBooks" time="13.965"/>
  <testcase classname="bookStoreTestingSuite.LikeAndDislike" name="DislikeBooks" time="13.473"/>
</testsuite> <!-- bookStoreTestingSuite.LikeAndDislike -->
